helloIOIO/build/outputs/logs/manifest-merger-debug-report.txt
-- Merging decision tree log ---
manifest
ADDED from AndroidManifest.xml:2:1
	package
		ADDED from AndroidManifest.xml:6:2
		INJECTED from AndroidManifest.xml:0:0
		INJECTED from AndroidManifest.xml:0:0
	android:versionName
		ADDED from AndroidManifest.xml:5:2
	android:versionCode
		ADDED from AndroidManifest.xml:4:2
		INJECTED from AndroidManifest.xml:0:0
		INJECTED from AndroidManifest.xml:0:0
	xmlns:android
		ADDED from AndroidManifest.xml:3:2
application
ADDED from AndroidManifest.xml:8:2
	android:label
		ADDED from AndroidManifest.xml:10:3
	android:icon
		ADDED from AndroidManifest.xml:9:3
uses-library#com.android.future.usb.accessory
ADDED from AndroidManifest.xml:12:3
	android:required
		ADDED from AndroidManifest.xml:14:4
	android:name
		ADDED from AndroidManifest.xml:13:4
activity#ioio.examples.hello.MainActivity
ADDED from AndroidManifest.xml:16:3
	android:label
		ADDED from AndroidManifest.xml:17:4
	android:launchMode
		ADDED from AndroidManifest.xml:19:4
	android:name
		ADDED from AndroidManifest.xml:18:4
intent-filter#android.intent.action.MAIN+android.intent.category.LAUNCHER
ADDED from AndroidManifest.xml:20:4
action#android.intent.action.MAIN
ADDED from AndroidManifest.xml:21:5
	android:name
		ADDED from AndroidManifest.xml:22:6
category#android.intent.category.LAUNCHER
ADDED from AndroidManifest.xml:23:5
	android:name
		ADDED from AndroidManifest.xml:24:6
intent-filter#android.hardware.usb.action.USB_ACCESSORY_ATTACHED
ADDED from AndroidManifest.xml:26:4
action#android.hardware.usb.action.USB_ACCESSORY_ATTACHED
ADDED from AndroidManifest.xml:27:5
	android:name
		ADDED from AndroidManifest.xml:28:6
intent-filter#android.hardware.usb.action.USB_DEVICE_ATTACHED
ADDED from AndroidManifest.xml:30:4
action#android.hardware.usb.action.USB_DEVICE_ATTACHED
ADDED from AndroidManifest.xml:31:5
	android:name
		ADDED from AndroidManifest.xml:32:6
meta-data#android.hardware.usb.action.USB_ACCESSORY_ATTACHED
ADDED from AndroidManifest.xml:34:4
	android:resource
		ADDED from AndroidManifest.xml:36:5
	android:name
		ADDED from AndroidManifest.xml:35:5
meta-data#android.hardware.usb.action.USB_DEVICE_ATTACHED
ADDED from AndroidManifest.xml:37:4
	android:resource
		ADDED from AndroidManifest.xml:39:5
	android:name
		ADDED from AndroidManifest.xml:38:5
uses-sdk
INJECTED from AndroidManifest.xml:0:0 reason: use-sdk injection requested
	android:targetSdkVersion
		INJECTED from AndroidManifest.xml:0:0
		INJECTED from AndroidManifest.xml:0:0
	android:minSdkVersion
		INJECTED from AndroidManifest.xml:0:0
		INJECTED from AndroidManifest.xml:0:0
uses-permission#android.permission.BLUETOOTH
ADDED from morse for IOIO:iOIOLibBT:unspecified:7:5
	android:name
		ADDED from morse for IOIO:iOIOLibBT:unspecified:7:22
android:uses-permission#android.permission.WRITE_EXTERNAL_STORAGE
IMPLIED from AndroidManifest.xml:2:1 reason: ioio.lib.bluetooth has a targetSdkVersion < 4
android:uses-permission#android.permission.READ_PHONE_STATE
IMPLIED from AndroidManifest.xml:2:1 reason: ioio.lib.bluetooth has a targetSdkVersion < 4
android:uses-permission#android.permission.READ_EXTERNAL_STORAGE
IMPLIED from AndroidManifest.xml:2:1 reason: ioio.lib.bluetooth requested WRITE_EXTERNAL_STORAGE
uses-permission#android.permission.INTERNET
ADDED from morse for IOIO:iOIOLibAndroid:unspecified:7:5
MERGED from morse for IOIO:iOIOLibAndroid:unspecified:7:5
MERGED from morse for IOIO:iOIOLibAndroid:unspecified:7:5
MERGED from morse for IOIO:iOIOLibAndroid:unspecified:7:5
	android:name
		ADDED from morse for IOIO:iOIOLibAndroid:unspecified:7:22
uses-feature#android.hardware.usb.accessory
ADDED from morse for IOIO:iOIOLibAccessory:unspecified:7:5
	android:required
		ADDED from morse for IOIO:iOIOLibAccessory:unspecified:9:9
	android:name
		ADDED from morse for IOIO:iOIOLibAccessory:unspecified:8:9
uses-feature#android.hardware.usb.host
ADDED from morse for IOIO:iOIOLibAndroidDevice:unspecified:7:5
	android:required
		ADDED from morse for IOIO:iOIOLibAndroidDevice:unspecified:9:9
	android:name
		ADDED from morse for IOIO:iOIOLibAndroidDevice:unspecified:8:9